[ 2019-03-23T08:35:39+08:00 ] 127.0.0.1 /
INFO: [ app_init ] --START--
INFO: Run Behavior\BuildLiteBehavior [ RunTime:0.000000s ]
INFO: [ app_init ] --END-- [ RunTime:0.003000s ]
INFO: [ app_begin ] --START--
INFO: Run Behavior\ReadHtmlCacheBehavior [ RunTime:0.010000s ]
INFO: [ app_begin ] --END-- [ RunTime:0.010000s ]
INFO: [ view_parse ] --START--
INFO: [ template_filter ] --START--
INFO: Run Behavior\ContentReplaceBehavior [ RunTime:0.000000s ]
INFO: [ template_filter ] --END-- [ RunTime:0.000000s ]
INFO: Run Behavior\ParseTemplateBehavior [ RunTime:0.054003s ]
INFO: [ view_parse ] --END-- [ RunTime:0.054003s ]
INFO: [ view_filter ] --START--
INFO: Run Behavior\WriteHtmlCacheBehavior [ RunTime:0.022002s ]
INFO: [ view_filter ] --END-- [ RunTime:0.022002s ]
INFO: [ app_end ] --START--
INFO: Run Behavior\ShowPageTraceBehavior [ RunTime:0.012000s ]
INFO: [ app_end ] --END-- [ RunTime:0.012000s ]

[ 2019-03-23T08:36:04+08:00 ] 127.0.0.1 /index.php/Home/index/doLogin.html
INFO: [ app_init ] --START--
INFO: Run Behavior\BuildLiteBehavior [ RunTime:0.000000s ]
INFO: [ app_init ] --END-- [ RunTime:0.001000s ]
INFO: [ app_begin ] --START--
INFO: Run Behavior\ReadHtmlCacheBehavior [ RunTime:0.001000s ]
INFO: [ app_begin ] --END-- [ RunTime:0.001000s ]
NOTIC: [2] PDO::__construct():  E:\qiandao\ThinkPHP\Library\Think\Db\Driver.class.php Á¨¨ 103 Ë°å.
ERR: SQLSTATE[HY000] [2002] php_network_getaddresses: getaddrinfo failed: ≤ª÷™µ¿’‚—˘µƒ÷˜ª˙°£ 

[ 2019-03-23T08:38:57+08:00 ] 127.0.0.1 /index.php/Home/index/doLogin.html
INFO: [ app_init ] --START--
INFO: Run Behavior\BuildLiteBehavior [ RunTime:0.000000s ]
INFO: [ app_init ] --END-- [ RunTime:0.001000s ]
INFO: [ app_begin ] --START--
INFO: Run Behavior\ReadHtmlCacheBehavior [ RunTime:0.000000s ]
INFO: [ app_begin ] --END-- [ RunTime:0.000000s ]
SQL: SHOW COLUMNS FROM `admin` [ RunTime:0.0260s ]
SQL: SELECT * FROM `admin` WHERE ( name="admin" ) LIMIT 1   [ RunTime:0.0000s ]
INFO: [ view_parse ] --START--
INFO: [ template_filter ] --START--
INFO: Run Behavior\ContentReplaceBehavior [ RunTime:0.000000s ]
INFO: [ template_filter ] --END-- [ RunTime:0.000000s ]
INFO: Run Behavior\ParseTemplateBehavior [ RunTime:0.024002s ]
INFO: [ view_parse ] --END-- [ RunTime:0.024002s ]
INFO: [ view_filter ] --START--
INFO: Run Behavior\WriteHtmlCacheBehavior [ RunTime:0.001000s ]
INFO: [ view_filter ] --END-- [ RunTime:0.001000s ]
INFO: [ app_end ] --START--
INFO: Run Behavior\ShowPageTraceBehavior [ RunTime:0.000000s ]
INFO: [ app_end ] --END-- [ RunTime:0.001000s ]

[ 2019-03-23T08:38:59+08:00 ] 127.0.0.1 /index.php/Home/index/index
INFO: [ app_init ] --START--
INFO: Run Behavior\BuildLiteBehavior [ RunTime:0.000000s ]
INFO: [ app_init ] --END-- [ RunTime:0.000000s ]
INFO: [ app_begin ] --START--
INFO: Run Behavior\ReadHtmlCacheBehavior [ RunTime:0.000000s ]
INFO: [ app_begin ] --END-- [ RunTime:0.000000s ]
INFO: [ view_parse ] --START--
INFO: [ template_filter ] --START--
INFO: Run Behavior\ContentReplaceBehavior [ RunTime:0.000000s ]
INFO: [ template_filter ] --END-- [ RunTime:0.000000s ]
NOTIC: [2] Illegal string offset 'name' E:\qiandao\Application\Runtime\Cache\Home\4462707c48390994935bf3e366c221aa.php Á¨¨ 70 Ë°å.
NOTIC: [8] Uninitialized string offset: 0 E:\qiandao\Application\Runtime\Cache\Home\4462707c48390994935bf3e366c221aa.php Á¨¨ 70 Ë°å.
NOTIC: [8] Undefined variable: sidebar E:\qiandao\Application\Runtime\Cache\Home\4462707c48390994935bf3e366c221aa.php Á¨¨ 109 Ë°å.
NOTIC: [8] Undefined variable: countData E:\qiandao\Application\Runtime\Cache\Home\4462707c48390994935bf3e366c221aa.php Á¨¨ 297 Ë°å.
NOTIC: [8] Undefined variable: countData E:\qiandao\Application\Runtime\Cache\Home\4462707c48390994935bf3e366c221aa.php Á¨¨ 303 Ë°å.
NOTIC: [8] Undefined variable: countData E:\qiandao\Application\Runtime\Cache\Home\4462707c48390994935bf3e366c221aa.php Á¨¨ 328 Ë°å.
NOTIC: [8] Undefined variable: countData E:\qiandao\Application\Runtime\Cache\Home\4462707c48390994935bf3e366c221aa.php Á¨¨ 334 Ë°å.
INFO: Run Behavior\ParseTemplateBehavior [ RunTime:0.052003s ]
INFO: [ view_parse ] --END-- [ RunTime:0.053003s ]
INFO: [ view_filter ] --START--
INFO: Run Behavior\WriteHtmlCacheBehavior [ RunTime:0.000000s ]
INFO: [ view_filter ] --END-- [ RunTime:0.000000s ]
INFO: [ app_end ] --START--
INFO: Run Behavior\ShowPageTraceBehavior [ RunTime:0.001000s ]
INFO: [ app_end ] --END-- [ RunTime:0.001000s ]

[ 2019-03-23T08:41:24+08:00 ] 127.0.0.1 /index.php/Home/index/index
INFO: [ app_init ] --START--
INFO: Run Behavior\BuildLiteBehavior [ RunTime:0.000000s ]
INFO: [ app_init ] --END-- [ RunTime:0.000000s ]
INFO: [ app_begin ] --START--
INFO: Run Behavior\ReadHtmlCacheBehavior [ RunTime:0.001001s ]
INFO: [ app_begin ] --END-- [ RunTime:0.001001s ]
INFO: [ view_parse ] --START--
INFO: [ template_filter ] --START--
INFO: Run Behavior\ContentReplaceBehavior [ RunTime:0.000000s ]
INFO: [ template_filter ] --END-- [ RunTime:0.000000s ]
NOTIC: [2] Illegal string offset 'name' E:\qiandao\Application\Runtime\Cache\Home\4462707c48390994935bf3e366c221aa.php Á¨¨ 67 Ë°å.
NOTIC: [8] Uninitialized string offset: 0 E:\qiandao\Application\Runtime\Cache\Home\4462707c48390994935bf3e366c221aa.php Á¨¨ 67 Ë°å.
NOTIC: [8] Undefined variable: sidebar E:\qiandao\Application\Runtime\Cache\Home\4462707c48390994935bf3e366c221aa.php Á¨¨ 106 Ë°å.
NOTIC: [8] Undefined variable: countData E:\qiandao\Application\Runtime\Cache\Home\4462707c48390994935bf3e366c221aa.php Á¨¨ 294 Ë°å.
NOTIC: [8] Undefined variable: countData E:\qiandao\Application\Runtime\Cache\Home\4462707c48390994935bf3e366c221aa.php Á¨¨ 300 Ë°å.
NOTIC: [8] Undefined variable: countData E:\qiandao\Application\Runtime\Cache\Home\4462707c48390994935bf3e366c221aa.php Á¨¨ 325 Ë°å.
NOTIC: [8] Undefined variable: countData E:\qiandao\Application\Runtime\Cache\Home\4462707c48390994935bf3e366c221aa.php Á¨¨ 331 Ë°å.
INFO: Run Behavior\ParseTemplateBehavior [ RunTime:0.009000s ]
INFO: [ view_parse ] --END-- [ RunTime:0.009000s ]
INFO: [ view_filter ] --START--
INFO: Run Behavior\WriteHtmlCacheBehavior [ RunTime:0.001000s ]
INFO: [ view_filter ] --END-- [ RunTime:0.001000s ]
INFO: [ app_end ] --START--
INFO: Run Behavior\ShowPageTraceBehavior [ RunTime:0.001000s ]
INFO: [ app_end ] --END-- [ RunTime:0.001000s ]

[ 2019-03-23T08:41:40+08:00 ] 127.0.0.1 /index.php/Home/index/index
INFO: [ app_init ] --START--
INFO: Run Behavior\BuildLiteBehavior [ RunTime:0.000000s ]
INFO: [ app_init ] --END-- [ RunTime:0.000000s ]
INFO: [ app_begin ] --START--
INFO: Run Behavior\ReadHtmlCacheBehavior [ RunTime:0.001000s ]
INFO: [ app_begin ] --END-- [ RunTime:0.001000s ]
INFO: [ view_parse ] --START--
INFO: [ template_filter ] --START--
INFO: Run Behavior\ContentReplaceBehavior [ RunTime:0.000000s ]
INFO: [ template_filter ] --END-- [ RunTime:0.000000s ]
NOTIC: [2] Illegal string offset 'name' E:\qiandao\Application\Runtime\Cache\Home\4462707c48390994935bf3e366c221aa.php Á¨¨ 67 Ë°å.
NOTIC: [8] Uninitialized string offset: 0 E:\qiandao\Application\Runtime\Cache\Home\4462707c48390994935bf3e366c221aa.php Á¨¨ 67 Ë°å.
NOTIC: [8] Undefined variable: sidebar E:\qiandao\Application\Runtime\Cache\Home\4462707c48390994935bf3e366c221aa.php Á¨¨ 106 Ë°å.
NOTIC: [8] Undefined variable: countData E:\qiandao\Application\Runtime\Cache\Home\4462707c48390994935bf3e366c221aa.php Á¨¨ 294 Ë°å.
NOTIC: [8] Undefined variable: countData E:\qiandao\Application\Runtime\Cache\Home\4462707c48390994935bf3e366c221aa.php Á¨¨ 300 Ë°å.
NOTIC: [8] Undefined variable: countData E:\qiandao\Application\Runtime\Cache\Home\4462707c48390994935bf3e366c221aa.php Á¨¨ 325 Ë°å.
NOTIC: [8] Undefined variable: countData E:\qiandao\Application\Runtime\Cache\Home\4462707c48390994935bf3e366c221aa.php Á¨¨ 331 Ë°å.
INFO: Run Behavior\ParseTemplateBehavior [ RunTime:0.009001s ]
INFO: [ view_parse ] --END-- [ RunTime:0.010001s ]
INFO: [ view_filter ] --START--
INFO: Run Behavior\WriteHtmlCacheBehavior [ RunTime:0.000000s ]
INFO: [ view_filter ] --END-- [ RunTime:0.000000s ]
INFO: [ app_end ] --START--
INFO: Run Behavior\ShowPageTraceBehavior [ RunTime:0.001000s ]
INFO: [ app_end ] --END-- [ RunTime:0.001000s ]

[ 2019-03-23T08:46:22+08:00 ] 127.0.0.1 /index.php/Home/index/index
INFO: [ app_init ] --START--
INFO: Run Behavior\BuildLiteBehavior [ RunTime:0.000000s ]
INFO: [ app_init ] --END-- [ RunTime:0.000000s ]
INFO: [ app_begin ] --START--
INFO: Run Behavior\ReadHtmlCacheBehavior [ RunTime:0.000000s ]
INFO: [ app_begin ] --END-- [ RunTime:0.001000s ]
INFO: [ view_parse ] --START--
INFO: [ template_filter ] --START--
INFO: Run Behavior\ContentReplaceBehavior [ RunTime:0.000000s ]
INFO: [ template_filter ] --END-- [ RunTime:0.000000s ]
NOTIC: [2] Illegal string offset 'name' E:\qiandao\Application\Runtime\Cache\Home\4462707c48390994935bf3e366c221aa.php Á¨¨ 67 Ë°å.
NOTIC: [8] Uninitialized string offset: 0 E:\qiandao\Application\Runtime\Cache\Home\4462707c48390994935bf3e366c221aa.php Á¨¨ 67 Ë°å.
NOTIC: [8] Undefined variable: sidebar E:\qiandao\Application\Runtime\Cache\Home\4462707c48390994935bf3e366c221aa.php Á¨¨ 106 Ë°å.
NOTIC: [8] Undefined variable: countData E:\qiandao\Application\Runtime\Cache\Home\4462707c48390994935bf3e366c221aa.php Á¨¨ 294 Ë°å.
NOTIC: [8] Undefined variable: countData E:\qiandao\Application\Runtime\Cache\Home\4462707c48390994935bf3e366c221aa.php Á¨¨ 300 Ë°å.
NOTIC: [8] Undefined variable: countData E:\qiandao\Application\Runtime\Cache\Home\4462707c48390994935bf3e366c221aa.php Á¨¨ 325 Ë°å.
NOTIC: [8] Undefined variable: countData E:\qiandao\Application\Runtime\Cache\Home\4462707c48390994935bf3e366c221aa.php Á¨¨ 331 Ë°å.
INFO: Run Behavior\ParseTemplateBehavior [ RunTime:0.009001s ]
INFO: [ view_parse ] --END-- [ RunTime:0.009001s ]
INFO: [ view_filter ] --START--
INFO: Run Behavior\WriteHtmlCacheBehavior [ RunTime:0.001000s ]
INFO: [ view_filter ] --END-- [ RunTime:0.001000s ]
INFO: [ app_end ] --START--
INFO: Run Behavior\ShowPageTraceBehavior [ RunTime:0.001000s ]
INFO: [ app_end ] --END-- [ RunTime:0.001000s ]

[ 2019-03-23T08:46:23+08:00 ] 127.0.0.1 /index.php/Home/index/U('Home/admin')
INFO: [ app_init ] --START--
INFO: Run Behavior\BuildLiteBehavior [ RunTime:0.000000s ]
INFO: [ app_init ] --END-- [ RunTime:0.000000s ]
INFO: [ app_begin ] --START--
INFO: Run Behavior\ReadHtmlCacheBehavior [ RunTime:0.000000s ]
INFO: [ app_begin ] --END-- [ RunTime:0.001000s ]
ERR: ÈùûÊ≥ïÊìç‰Ωú:U('Home

[ 2019-03-23T08:47:39+08:00 ] 127.0.0.1 /index.php/Home/index/index
INFO: [ app_init ] --START--
INFO: Run Behavior\BuildLiteBehavior [ RunTime:0.000000s ]
INFO: [ app_init ] --END-- [ RunTime:0.001000s ]
INFO: [ app_begin ] --START--
INFO: Run Behavior\ReadHtmlCacheBehavior [ RunTime:0.000000s ]
INFO: [ app_begin ] --END-- [ RunTime:0.000000s ]
INFO: [ view_parse ] --START--
INFO: [ template_filter ] --START--
INFO: Run Behavior\ContentReplaceBehavior [ RunTime:0.000000s ]
INFO: [ template_filter ] --END-- [ RunTime:0.000000s ]
NOTIC: [2] Illegal string offset 'name' E:\qiandao\Application\Runtime\Cache\Home\4462707c48390994935bf3e366c221aa.php Á¨¨ 67 Ë°å.
NOTIC: [8] Uninitialized string offset: 0 E:\qiandao\Application\Runtime\Cache\Home\4462707c48390994935bf3e366c221aa.php Á¨¨ 67 Ë°å.
NOTIC: [8] Undefined variable: sidebar E:\qiandao\Application\Runtime\Cache\Home\4462707c48390994935bf3e366c221aa.php Á¨¨ 106 Ë°å.
NOTIC: [8] Undefined variable: countData E:\qiandao\Application\Runtime\Cache\Home\4462707c48390994935bf3e366c221aa.php Á¨¨ 294 Ë°å.
NOTIC: [8] Undefined variable: countData E:\qiandao\Application\Runtime\Cache\Home\4462707c48390994935bf3e366c221aa.php Á¨¨ 300 Ë°å.
NOTIC: [8] Undefined variable: countData E:\qiandao\Application\Runtime\Cache\Home\4462707c48390994935bf3e366c221aa.php Á¨¨ 325 Ë°å.
NOTIC: [8] Undefined variable: countData E:\qiandao\Application\Runtime\Cache\Home\4462707c48390994935bf3e366c221aa.php Á¨¨ 331 Ë°å.
INFO: Run Behavior\ParseTemplateBehavior [ RunTime:0.009001s ]
INFO: [ view_parse ] --END-- [ RunTime:0.009001s ]
INFO: [ view_filter ] --START--
INFO: Run Behavior\WriteHtmlCacheBehavior [ RunTime:0.001000s ]
INFO: [ view_filter ] --END-- [ RunTime:0.001000s ]
INFO: [ app_end ] --START--
INFO: Run Behavior\ShowPageTraceBehavior [ RunTime:0.001000s ]
INFO: [ app_end ] --END-- [ RunTime:0.001000s ]

[ 2019-03-23T08:47:40+08:00 ] 127.0.0.1 /index.php/Home/index/%7BU('Home/admin')%7D
INFO: [ app_init ] --START--
INFO: Run Behavior\BuildLiteBehavior [ RunTime:0.000000s ]
INFO: [ app_init ] --END-- [ RunTime:0.000000s ]
INFO: [ app_begin ] --START--
INFO: Run Behavior\ReadHtmlCacheBehavior [ RunTime:0.000000s ]
INFO: [ app_begin ] --END-- [ RunTime:0.000000s ]
ERR: ÈùûÊ≥ïÊìç‰Ωú:{U('Home

[ 2019-03-23T08:50:39+08:00 ] 127.0.0.1 /index.php/Home/index/index
INFO: [ app_init ] --START--
INFO: Run Behavior\BuildLiteBehavior [ RunTime:0.000000s ]
INFO: [ app_init ] --END-- [ RunTime:0.001000s ]
INFO: [ app_begin ] --START--
INFO: Run Behavior\ReadHtmlCacheBehavior [ RunTime:0.003000s ]
INFO: [ app_begin ] --END-- [ RunTime:0.003000s ]
INFO: [ view_parse ] --START--
INFO: [ template_filter ] --START--
INFO: Run Behavior\ContentReplaceBehavior [ RunTime:0.000000s ]
INFO: [ template_filter ] --END-- [ RunTime:0.000000s ]
NOTIC: [2] Illegal string offset 'name' E:\qiandao\Application\Runtime\Cache\Home\4462707c48390994935bf3e366c221aa.php Á¨¨ 67 Ë°å.
NOTIC: [8] Uninitialized string offset: 0 E:\qiandao\Application\Runtime\Cache\Home\4462707c48390994935bf3e366c221aa.php Á¨¨ 67 Ë°å.
NOTIC: [8] Undefined variable: sidebar E:\qiandao\Application\Runtime\Cache\Home\4462707c48390994935bf3e366c221aa.php Á¨¨ 106 Ë°å.
NOTIC: [8] Undefined variable: countData E:\qiandao\Application\Runtime\Cache\Home\4462707c48390994935bf3e366c221aa.php Á¨¨ 294 Ë°å.
NOTIC: [8] Undefined variable: countData E:\qiandao\Application\Runtime\Cache\Home\4462707c48390994935bf3e366c221aa.php Á¨¨ 300 Ë°å.
NOTIC: [8] Undefined variable: countData E:\qiandao\Application\Runtime\Cache\Home\4462707c48390994935bf3e366c221aa.php Á¨¨ 325 Ë°å.
NOTIC: [8] Undefined variable: countData E:\qiandao\Application\Runtime\Cache\Home\4462707c48390994935bf3e366c221aa.php Á¨¨ 331 Ë°å.
INFO: Run Behavior\ParseTemplateBehavior [ RunTime:0.011001s ]
INFO: [ view_parse ] --END-- [ RunTime:0.011001s ]
INFO: [ view_filter ] --START--
INFO: Run Behavior\WriteHtmlCacheBehavior [ RunTime:0.000000s ]
INFO: [ view_filter ] --END-- [ RunTime:0.000000s ]
INFO: [ app_end ] --START--
INFO: Run Behavior\ShowPageTraceBehavior [ RunTime:0.001000s ]
INFO: [ app_end ] --END-- [ RunTime:0.001000s ]

[ 2019-03-23T08:50:41+08:00 ] 127.0.0.1 /index.php/Home/index/%7BU('admin')%7D
INFO: [ app_init ] --START--
INFO: Run Behavior\BuildLiteBehavior [ RunTime:0.000000s ]
INFO: [ app_init ] --END-- [ RunTime:0.001000s ]
INFO: [ app_begin ] --START--
INFO: Run Behavior\ReadHtmlCacheBehavior [ RunTime:0.001000s ]
INFO: [ app_begin ] --END-- [ RunTime:0.001000s ]
ERR: ÈùûÊ≥ïÊìç‰Ωú:{U('admin')}

[ 2019-03-23T08:50:58+08:00 ] 127.0.0.1 /index.php/Home/index/index
INFO: [ app_init ] --START--
INFO: Run Behavior\BuildLiteBehavior [ RunTime:0.000000s ]
INFO: [ app_init ] --END-- [ RunTime:0.001000s ]
INFO: [ app_begin ] --START--
INFO: Run Behavior\ReadHtmlCacheBehavior [ RunTime:0.000000s ]
INFO: [ app_begin ] --END-- [ RunTime:0.000000s ]
INFO: [ view_parse ] --START--
INFO: [ template_filter ] --START--
INFO: Run Behavior\ContentReplaceBehavior [ RunTime:0.001000s ]
INFO: [ template_filter ] --END-- [ RunTime:0.001000s ]
NOTIC: [2] Illegal string offset 'name' E:\qiandao\Application\Runtime\Cache\Home\4462707c48390994935bf3e366c221aa.php Á¨¨ 67 Ë°å.
NOTIC: [8] Uninitialized string offset: 0 E:\qiandao\Application\Runtime\Cache\Home\4462707c48390994935bf3e366c221aa.php Á¨¨ 67 Ë°å.
NOTIC: [8] Undefined variable: sidebar E:\qiandao\Application\Runtime\Cache\Home\4462707c48390994935bf3e366c221aa.php Á¨¨ 106 Ë°å.
NOTIC: [8] Undefined variable: countData E:\qiandao\Application\Runtime\Cache\Home\4462707c48390994935bf3e366c221aa.php Á¨¨ 294 Ë°å.
NOTIC: [8] Undefined variable: countData E:\qiandao\Application\Runtime\Cache\Home\4462707c48390994935bf3e366c221aa.php Á¨¨ 300 Ë°å.
NOTIC: [8] Undefined variable: countData E:\qiandao\Application\Runtime\Cache\Home\4462707c48390994935bf3e366c221aa.php Á¨¨ 325 Ë°å.
NOTIC: [8] Undefined variable: countData E:\qiandao\Application\Runtime\Cache\Home\4462707c48390994935bf3e366c221aa.php Á¨¨ 331 Ë°å.
INFO: Run Behavior\ParseTemplateBehavior [ RunTime:0.013001s ]
INFO: [ view_parse ] --END-- [ RunTime:0.013001s ]
INFO: [ view_filter ] --START--
INFO: Run Behavior\WriteHtmlCacheBehavior [ RunTime:0.000000s ]
INFO: [ view_filter ] --END-- [ RunTime:0.000000s ]
INFO: [ app_end ] --START--
INFO: Run Behavior\ShowPageTraceBehavior [ RunTime:0.001000s ]
INFO: [ app_end ] --END-- [ RunTime:0.001000s ]

[ 2019-03-23T08:50:59+08:00 ] 127.0.0.1 /index.php/Home/index/%7BU('/admin')%7D
INFO: [ app_init ] --START--
INFO: Run Behavior\BuildLiteBehavior [ RunTime:0.000000s ]
INFO: [ app_init ] --END-- [ RunTime:0.000000s ]
INFO: [ app_begin ] --START--
INFO: Run Behavior\ReadHtmlCacheBehavior [ RunTime:0.001000s ]
INFO: [ app_begin ] --END-- [ RunTime:0.001000s ]
ERR: ÈùûÊ≥ïÊìç‰Ωú:{U('

[ 2019-03-23T08:52:13+08:00 ] 127.0.0.1 /index.php/Home/index/index
INFO: [ app_init ] --START--
INFO: Run Behavior\BuildLiteBehavior [ RunTime:0.000000s ]
INFO: [ app_init ] --END-- [ RunTime:0.001001s ]
INFO: [ app_begin ] --START--
INFO: Run Behavior\ReadHtmlCacheBehavior [ RunTime:0.001000s ]
INFO: [ app_begin ] --END-- [ RunTime:0.001000s ]
INFO: [ view_parse ] --START--
INFO: [ template_filter ] --START--
INFO: Run Behavior\ContentReplaceBehavior [ RunTime:0.000000s ]
INFO: [ template_filter ] --END-- [ RunTime:0.000000s ]
NOTIC: [2] Illegal string offset 'name' E:\qiandao\Application\Runtime\Cache\Home\4462707c48390994935bf3e366c221aa.php Á¨¨ 67 Ë°å.
NOTIC: [8] Uninitialized string offset: 0 E:\qiandao\Application\Runtime\Cache\Home\4462707c48390994935bf3e366c221aa.php Á¨¨ 67 Ë°å.
NOTIC: [8] Undefined variable: sidebar E:\qiandao\Application\Runtime\Cache\Home\4462707c48390994935bf3e366c221aa.php Á¨¨ 106 Ë°å.
NOTIC: [8] Undefined variable: countData E:\qiandao\Application\Runtime\Cache\Home\4462707c48390994935bf3e366c221aa.php Á¨¨ 294 Ë°å.
NOTIC: [8] Undefined variable: countData E:\qiandao\Application\Runtime\Cache\Home\4462707c48390994935bf3e366c221aa.php Á¨¨ 300 Ë°å.
NOTIC: [8] Undefined variable: countData E:\qiandao\Application\Runtime\Cache\Home\4462707c48390994935bf3e366c221aa.php Á¨¨ 325 Ë°å.
NOTIC: [8] Undefined variable: countData E:\qiandao\Application\Runtime\Cache\Home\4462707c48390994935bf3e366c221aa.php Á¨¨ 331 Ë°å.
INFO: Run Behavior\ParseTemplateBehavior [ RunTime:0.012000s ]
INFO: [ view_parse ] --END-- [ RunTime:0.012000s ]
INFO: [ view_filter ] --START--
INFO: Run Behavior\WriteHtmlCacheBehavior [ RunTime:0.000000s ]
INFO: [ view_filter ] --END-- [ RunTime:0.000000s ]
INFO: [ app_end ] --START--
INFO: Run Behavior\ShowPageTraceBehavior [ RunTime:0.001000s ]
INFO: [ app_end ] --END-- [ RunTime:0.001000s ]

[ 2019-03-23T08:52:15+08:00 ] 127.0.0.1 /index.php/Home/Index/admin.html
INFO: [ app_init ] --START--
INFO: Run Behavior\BuildLiteBehavior [ RunTime:0.000000s ]
INFO: [ app_init ] --END-- [ RunTime:0.001001s ]
INFO: [ app_begin ] --START--
INFO: Run Behavior\ReadHtmlCacheBehavior [ RunTime:0.001000s ]
INFO: [ app_begin ] --END-- [ RunTime:0.001000s ]
ERR: ÈùûÊ≥ïÊìç‰Ωú:admin

[ 2019-03-23T08:52:27+08:00 ] 127.0.0.1 /index.php/Home/index/index
INFO: [ app_init ] --START--
INFO: Run Behavior\BuildLiteBehavior [ RunTime:0.001000s ]
INFO: [ app_init ] --END-- [ RunTime:0.001000s ]
INFO: [ app_begin ] --START--
INFO: Run Behavior\ReadHtmlCacheBehavior [ RunTime:0.001000s ]
INFO: [ app_begin ] --END-- [ RunTime:0.001000s ]
INFO: [ view_parse ] --START--
INFO: [ template_filter ] --START--
INFO: Run Behavior\ContentReplaceBehavior [ RunTime:0.000000s ]
INFO: [ template_filter ] --END-- [ RunTime:0.000000s ]
NOTIC: [2] Illegal string offset 'name' E:\qiandao\Application\Runtime\Cache\Home\4462707c48390994935bf3e366c221aa.php Á¨¨ 67 Ë°å.
NOTIC: [8] Uninitialized string offset: 0 E:\qiandao\Application\Runtime\Cache\Home\4462707c48390994935bf3e366c221aa.php Á¨¨ 67 Ë°å.
NOTIC: [8] Undefined variable: sidebar E:\qiandao\Application\Runtime\Cache\Home\4462707c48390994935bf3e366c221aa.php Á¨¨ 106 Ë°å.
NOTIC: [8] Undefined variable: countData E:\qiandao\Application\Runtime\Cache\Home\4462707c48390994935bf3e366c221aa.php Á¨¨ 294 Ë°å.
NOTIC: [8] Undefined variable: countData E:\qiandao\Application\Runtime\Cache\Home\4462707c48390994935bf3e366c221aa.php Á¨¨ 300 Ë°å.
NOTIC: [8] Undefined variable: countData E:\qiandao\Application\Runtime\Cache\Home\4462707c48390994935bf3e366c221aa.php Á¨¨ 325 Ë°å.
NOTIC: [8] Undefined variable: countData E:\qiandao\Application\Runtime\Cache\Home\4462707c48390994935bf3e366c221aa.php Á¨¨ 331 Ë°å.
INFO: Run Behavior\ParseTemplateBehavior [ RunTime:0.009001s ]
INFO: [ view_parse ] --END-- [ RunTime:0.009001s ]
INFO: [ view_filter ] --START--
INFO: Run Behavior\WriteHtmlCacheBehavior [ RunTime:0.001000s ]
INFO: [ view_filter ] --END-- [ RunTime:0.001000s ]
INFO: [ app_end ] --START--
INFO: Run Behavior\ShowPageTraceBehavior [ RunTime:0.001000s ]
INFO: [ app_end ] --END-- [ RunTime:0.001000s ]

[ 2019-03-23T08:52:45+08:00 ] 127.0.0.1 /index.php/Home/index/index
INFO: [ app_init ] --START--
INFO: Run Behavior\BuildLiteBehavior [ RunTime:0.000000s ]
INFO: [ app_init ] --END-- [ RunTime:0.000000s ]
INFO: [ app_begin ] --START--
INFO: Run Behavior\ReadHtmlCacheBehavior [ RunTime:0.001000s ]
INFO: [ app_begin ] --END-- [ RunTime:0.001000s ]
INFO: [ view_parse ] --START--
INFO: [ template_filter ] --START--
INFO: Run Behavior\ContentReplaceBehavior [ RunTime:0.000000s ]
INFO: [ template_filter ] --END-- [ RunTime:0.000000s ]
NOTIC: [2] Illegal string offset 'name' E:\qiandao\Application\Runtime\Cache\Home\4462707c48390994935bf3e366c221aa.php Á¨¨ 67 Ë°å.
NOTIC: [8] Uninitialized string offset: 0 E:\qiandao\Application\Runtime\Cache\Home\4462707c48390994935bf3e366c221aa.php Á¨¨ 67 Ë°å.
NOTIC: [8] Undefined variable: sidebar E:\qiandao\Application\Runtime\Cache\Home\4462707c48390994935bf3e366c221aa.php Á¨¨ 106 Ë°å.
NOTIC: [8] Undefined variable: countData E:\qiandao\Application\Runtime\Cache\Home\4462707c48390994935bf3e366c221aa.php Á¨¨ 294 Ë°å.
NOTIC: [8] Undefined variable: countData E:\qiandao\Application\Runtime\Cache\Home\4462707c48390994935bf3e366c221aa.php Á¨¨ 300 Ë°å.
NOTIC: [8] Undefined variable: countData E:\qiandao\Application\Runtime\Cache\Home\4462707c48390994935bf3e366c221aa.php Á¨¨ 325 Ë°å.
NOTIC: [8] Undefined variable: countData E:\qiandao\Application\Runtime\Cache\Home\4462707c48390994935bf3e366c221aa.php Á¨¨ 331 Ë°å.
INFO: Run Behavior\ParseTemplateBehavior [ RunTime:0.011000s ]
INFO: [ view_parse ] --END-- [ RunTime:0.011000s ]
INFO: [ view_filter ] --START--
INFO: Run Behavior\WriteHtmlCacheBehavior [ RunTime:0.000000s ]
INFO: [ view_filter ] --END-- [ RunTime:0.000000s ]
INFO: [ app_end ] --START--
INFO: Run Behavior\ShowPageTraceBehavior [ RunTime:0.001000s ]
INFO: [ app_end ] --END-- [ RunTime:0.001000s ]

[ 2019-03-23T08:52:46+08:00 ] 127.0.0.1 /index.php/Home/Home/admin.html
INFO: [ app_init ] --START--
INFO: Run Behavior\BuildLiteBehavior [ RunTime:0.000000s ]
INFO: [ app_init ] --END-- [ RunTime:0.000000s ]
INFO: [ app_begin ] --START--
INFO: Run Behavior\ReadHtmlCacheBehavior [ RunTime:0.001000s ]
INFO: [ app_begin ] --END-- [ RunTime:0.001000s ]
ERR: Êó†Ê≥ïÂä†ËΩΩÊéßÂà∂Âô®:Home

[ 2019-03-23T08:53:11+08:00 ] 127.0.0.1 /index.php/Home/index/index
INFO: [ app_init ] --START--
INFO: Run Behavior\BuildLiteBehavior [ RunTime:0.000000s ]
INFO: [ app_init ] --END-- [ RunTime:0.000000s ]
INFO: [ app_begin ] --START--
INFO: Run Behavior\ReadHtmlCacheBehavior [ RunTime:0.001000s ]
INFO: [ app_begin ] --END-- [ RunTime:0.001000s ]
INFO: [ view_parse ] --START--
INFO: [ template_filter ] --START--
INFO: Run Behavior\ContentReplaceBehavior [ RunTime:0.000000s ]
INFO: [ template_filter ] --END-- [ RunTime:0.000000s ]
NOTIC: [2] Illegal string offset 'name' E:\qiandao\Application\Runtime\Cache\Home\4462707c48390994935bf3e366c221aa.php Á¨¨ 67 Ë°å.
NOTIC: [8] Uninitialized string offset: 0 E:\qiandao\Application\Runtime\Cache\Home\4462707c48390994935bf3e366c221aa.php Á¨¨ 67 Ë°å.
NOTIC: [8] Undefined variable: sidebar E:\qiandao\Application\Runtime\Cache\Home\4462707c48390994935bf3e366c221aa.php Á¨¨ 106 Ë°å.
NOTIC: [8] Undefined variable: countData E:\qiandao\Application\Runtime\Cache\Home\4462707c48390994935bf3e366c221aa.php Á¨¨ 294 Ë°å.
NOTIC: [8] Undefined variable: countData E:\qiandao\Application\Runtime\Cache\Home\4462707c48390994935bf3e366c221aa.php Á¨¨ 300 Ë°å.
NOTIC: [8] Undefined variable: countData E:\qiandao\Application\Runtime\Cache\Home\4462707c48390994935bf3e366c221aa.php Á¨¨ 325 Ë°å.
NOTIC: [8] Undefined variable: countData E:\qiandao\Application\Runtime\Cache\Home\4462707c48390994935bf3e366c221aa.php Á¨¨ 331 Ë°å.
INFO: Run Behavior\ParseTemplateBehavior [ RunTime:0.010001s ]
INFO: [ view_parse ] --END-- [ RunTime:0.010001s ]
INFO: [ view_filter ] --START--
INFO: Run Behavior\WriteHtmlCacheBehavior [ RunTime:0.000000s ]
INFO: [ view_filter ] --END-- [ RunTime:0.000000s ]
INFO: [ app_end ] --START--
INFO: Run Behavior\ShowPageTraceBehavior [ RunTime:0.000000s ]
INFO: [ app_end ] --END-- [ RunTime:0.000000s ]

[ 2019-03-23T08:54:45+08:00 ] 127.0.0.1 /index.php/Home/index/index
INFO: [ app_init ] --START--
INFO: Run Behavior\BuildLiteBehavior [ RunTime:0.000000s ]
INFO: [ app_init ] --END-- [ RunTime:0.000000s ]
INFO: [ app_begin ] --START--
INFO: Run Behavior\ReadHtmlCacheBehavior [ RunTime:0.001000s ]
INFO: [ app_begin ] --END-- [ RunTime:0.001000s ]
INFO: [ view_parse ] --START--
INFO: [ template_filter ] --START--
INFO: Run Behavior\ContentReplaceBehavior [ RunTime:0.000000s ]
INFO: [ template_filter ] --END-- [ RunTime:0.001000s ]
NOTIC: [2] Illegal string offset 'name' E:\qiandao\Application\Runtime\Cache\Home\4462707c48390994935bf3e366c221aa.php Á¨¨ 67 Ë°å.
NOTIC: [8] Uninitialized string offset: 0 E:\qiandao\Application\Runtime\Cache\Home\4462707c48390994935bf3e366c221aa.php Á¨¨ 67 Ë°å.
NOTIC: [8] Undefined variable: sidebar E:\qiandao\Application\Runtime\Cache\Home\4462707c48390994935bf3e366c221aa.php Á¨¨ 106 Ë°å.
NOTIC: [8] Undefined variable: countData E:\qiandao\Application\Runtime\Cache\Home\4462707c48390994935bf3e366c221aa.php Á¨¨ 294 Ë°å.
NOTIC: [8] Undefined variable: countData E:\qiandao\Application\Runtime\Cache\Home\4462707c48390994935bf3e366c221aa.php Á¨¨ 300 Ë°å.
NOTIC: [8] Undefined variable: countData E:\qiandao\Application\Runtime\Cache\Home\4462707c48390994935bf3e366c221aa.php Á¨¨ 325 Ë°å.
NOTIC: [8] Undefined variable: countData E:\qiandao\Application\Runtime\Cache\Home\4462707c48390994935bf3e366c221aa.php Á¨¨ 331 Ë°å.
INFO: Run Behavior\ParseTemplateBehavior [ RunTime:0.009001s ]
INFO: [ view_parse ] --END-- [ RunTime:0.010001s ]
INFO: [ view_filter ] --START--
INFO: Run Behavior\WriteHtmlCacheBehavior [ RunTime:0.000000s ]
INFO: [ view_filter ] --END-- [ RunTime:0.000000s ]
INFO: [ app_end ] --START--
INFO: Run Behavior\ShowPageTraceBehavior [ RunTime:0.000000s ]
INFO: [ app_end ] --END-- [ RunTime:0.000000s ]

[ 2019-03-23T08:55:16+08:00 ] 127.0.0.1 /index.php/Home/index/index
INFO: [ app_init ] --START--
INFO: Run Behavior\BuildLiteBehavior [ RunTime:0.001000s ]
INFO: [ app_init ] --END-- [ RunTime:0.001000s ]
INFO: [ app_begin ] --START--
INFO: Run Behavior\ReadHtmlCacheBehavior [ RunTime:0.001000s ]
INFO: [ app_begin ] --END-- [ RunTime:0.001000s ]
INFO: [ view_parse ] --START--
INFO: [ template_filter ] --START--
INFO: Run Behavior\ContentReplaceBehavior [ RunTime:0.000000s ]
INFO: [ template_filter ] --END-- [ RunTime:0.000000s ]
NOTIC: [2] Illegal string offset 'name' E:\qiandao\Application\Runtime\Cache\Home\4462707c48390994935bf3e366c221aa.php Á¨¨ 67 Ë°å.
NOTIC: [8] Uninitialized string offset: 0 E:\qiandao\Application\Runtime\Cache\Home\4462707c48390994935bf3e366c221aa.php Á¨¨ 67 Ë°å.
NOTIC: [8] Undefined variable: sidebar E:\qiandao\Application\Runtime\Cache\Home\4462707c48390994935bf3e366c221aa.php Á¨¨ 106 Ë°å.
NOTIC: [8] Undefined variable: countData E:\qiandao\Application\Runtime\Cache\Home\4462707c48390994935bf3e366c221aa.php Á¨¨ 294 Ë°å.
NOTIC: [8] Undefined variable: countData E:\qiandao\Application\Runtime\Cache\Home\4462707c48390994935bf3e366c221aa.php Á¨¨ 300 Ë°å.
NOTIC: [8] Undefined variable: countData E:\qiandao\Application\Runtime\Cache\Home\4462707c48390994935bf3e366c221aa.php Á¨¨ 325 Ë°å.
NOTIC: [8] Undefined variable: countData E:\qiandao\Application\Runtime\Cache\Home\4462707c48390994935bf3e366c221aa.php Á¨¨ 331 Ë°å.
INFO: Run Behavior\ParseTemplateBehavior [ RunTime:0.010001s ]
INFO: [ view_parse ] --END-- [ RunTime:0.010001s ]
INFO: [ view_filter ] --START--
INFO: Run Behavior\WriteHtmlCacheBehavior [ RunTime:0.000000s ]
INFO: [ view_filter ] --END-- [ RunTime:0.000000s ]
INFO: [ app_end ] --START--
INFO: Run Behavior\ShowPageTraceBehavior [ RunTime:0.000000s ]
INFO: [ app_end ] --END-- [ RunTime:0.001000s ]

[ 2019-03-23T08:55:17+08:00 ] 127.0.0.1 /index.php/Home/admin/index.html
INFO: [ app_init ] --START--
INFO: Run Behavior\BuildLiteBehavior [ RunTime:0.000000s ]
INFO: [ app_init ] --END-- [ RunTime:0.000000s ]
INFO: [ app_begin ] --START--
INFO: Run Behavior\ReadHtmlCacheBehavior [ RunTime:0.000000s ]
INFO: [ app_begin ] --END-- [ RunTime:0.000000s ]
NOTIC: [2] Missing argument 1 for Think\Controller::assign(), called in E:\qiandao\Application\Home\Controller\AdminController.class.php on line 14 and defined E:\qiandao\ThinkPHP\Library\Think\Controller.class.php Á¨¨ 121 Ë°å.
NOTIC: [8] Undefined variable: name E:\qiandao\ThinkPHP\Library\Think\Controller.class.php Á¨¨ 122 Ë°å.
ERR: Ê®°Êùø‰∏çÂ≠òÂú®:./Application/Home/View/Admin/main.html

[ 2019-03-23T08:56:17+08:00 ] 127.0.0.1 /index.php/Home/admin/index.html
INFO: [ app_init ] --START--
INFO: Run Behavior\BuildLiteBehavior [ RunTime:0.000000s ]
INFO: [ app_init ] --END-- [ RunTime:0.000000s ]
INFO: [ app_begin ] --START--
INFO: Run Behavior\ReadHtmlCacheBehavior [ RunTime:0.000000s ]
INFO: [ app_begin ] --END-- [ RunTime:0.000000s ]
ERR: Ê®°Êùø‰∏çÂ≠òÂú®:./Application/Home/View/Admin/index.html

[ 2019-03-23T08:56:50+08:00 ] 127.0.0.1 /index.php/Home/admin/index.html
INFO: [ app_init ] --START--
INFO: Run Behavior\BuildLiteBehavior [ RunTime:0.000000s ]
INFO: [ app_init ] --END-- [ RunTime:0.000000s ]
INFO: [ app_begin ] --START--
INFO: Run Behavior\ReadHtmlCacheBehavior [ RunTime:0.000000s ]
INFO: [ app_begin ] --END-- [ RunTime:0.001000s ]
INFO: [ view_parse ] --START--
INFO: [ template_filter ] --START--
INFO: Run Behavior\ContentReplaceBehavior [ RunTime:0.000000s ]
INFO: [ template_filter ] --END-- [ RunTime:0.000000s ]
INFO: Run Behavior\ParseTemplateBehavior [ RunTime:0.005000s ]
INFO: [ view_parse ] --END-- [ RunTime:0.005000s ]
INFO: [ view_filter ] --START--
INFO: Run Behavior\WriteHtmlCacheBehavior [ RunTime:0.000000s ]
INFO: [ view_filter ] --END-- [ RunTime:0.000000s ]
INFO: [ app_end ] --START--
INFO: Run Behavior\ShowPageTraceBehavior [ RunTime:0.000000s ]
INFO: [ app_end ] --END-- [ RunTime:0.000000s ]

[ 2019-03-23T09:07:25+08:00 ] 127.0.0.1 /
INFO: [ app_init ] --START--
INFO: Run Behavior\BuildLiteBehavior [ RunTime:0.000000s ]
INFO: [ app_init ] --END-- [ RunTime:0.000000s ]
INFO: [ app_begin ] --START--
INFO: Run Behavior\ReadHtmlCacheBehavior [ RunTime:0.000000s ]
INFO: [ app_begin ] --END-- [ RunTime:0.000000s ]
INFO: [ view_parse ] --START--
INFO: [ template_filter ] --START--
INFO: Run Behavior\ContentReplaceBehavior [ RunTime:0.000000s ]
INFO: [ template_filter ] --END-- [ RunTime:0.000000s ]
NOTIC: [2] Illegal string offset 'name' E:\jiating\qiandao\Application\Runtime\Cache\Home\4462707c48390994935bf3e366c221aa.php Á¨¨ 67 Ë°å.
NOTIC: [8] Uninitialized string offset: 0 E:\jiating\qiandao\Application\Runtime\Cache\Home\4462707c48390994935bf3e366c221aa.php Á¨¨ 67 Ë°å.
NOTIC: [8] Undefined variable: sidebar E:\jiating\qiandao\Application\Runtime\Cache\Home\4462707c48390994935bf3e366c221aa.php Á¨¨ 106 Ë°å.
NOTIC: [8] Undefined variable: countData E:\jiating\qiandao\Application\Runtime\Cache\Home\4462707c48390994935bf3e366c221aa.php Á¨¨ 294 Ë°å.
NOTIC: [8] Undefined variable: countData E:\jiating\qiandao\Application\Runtime\Cache\Home\4462707c48390994935bf3e366c221aa.php Á¨¨ 300 Ë°å.
NOTIC: [8] Undefined variable: countData E:\jiating\qiandao\Application\Runtime\Cache\Home\4462707c48390994935bf3e366c221aa.php Á¨¨ 325 Ë°å.
NOTIC: [8] Undefined variable: countData E:\jiating\qiandao\Application\Runtime\Cache\Home\4462707c48390994935bf3e366c221aa.php Á¨¨ 331 Ë°å.
INFO: Run Behavior\ParseTemplateBehavior [ RunTime:0.029001s ]
INFO: [ view_parse ] --END-- [ RunTime:0.029001s ]
INFO: [ view_filter ] --START--
INFO: Run Behavior\WriteHtmlCacheBehavior [ RunTime:0.001000s ]
INFO: [ view_filter ] --END-- [ RunTime:0.001000s ]
INFO: [ app_end ] --START--
INFO: Run Behavior\ShowPageTraceBehavior [ RunTime:0.001000s ]
INFO: [ app_end ] --END-- [ RunTime:0.001000s ]

